c:\users\raman\source\repos\openocrcorrect\frameworkcode\release\main.obj
c:\users\raman\source\repos\openocrcorrect\frameworkcode\release\diff_match_patch.obj
c:\users\raman\source\repos\openocrcorrect\frameworkcode\release\diffview.obj
c:\users\raman\source\repos\openocrcorrect\frameworkcode\release\mainwindow.obj
c:\users\raman\source\repos\openocrcorrect\frameworkcode\release\qcustomplot.obj
c:\users\raman\source\repos\openocrcorrect\frameworkcode\release\zoom.obj
c:\users\raman\source\repos\openocrcorrect\frameworkcode\release\moc_qcustomplot.obj
c:\users\raman\source\repos\openocrcorrect\frameworkcode\release\moc_mainwindow.obj
c:\users\raman\source\repos\openocrcorrect\frameworkcode\release\qrc_appresources.obj
c:\users\raman\source\repos\openocrcorrect\frameworkcode\release\moc_zoom.obj
c:\users\raman\source\repos\openocrcorrect\frameworkcode\release\moc_diffview.obj
c:\users\raman\source\repos\openocrcorrect\frameworkcode\release\verifierdiffview.obj
c:\users\raman\source\repos\openocrcorrect\frameworkcode\release\moc_verifierdiffview.obj
c:\users\raman\source\repos\openocrcorrect\frameworkcode\release\interndiffview.obj
c:\users\raman\source\repos\openocrcorrect\frameworkcode\release\moc_interndiffview.obj
c:\users\raman\source\repos\openocrcorrect\frameworkcode\release\projecthierarchywindow.obj
c:\users\raman\source\repos\openocrcorrect\frameworkcode\release\filters.obj
c:\users\raman\source\repos\openocrcorrect\frameworkcode\release\project.obj
c:\users\raman\source\repos\openocrcorrect\frameworkcode\release\treeitem.obj
c:\users\raman\source\repos\openocrcorrect\frameworkcode\release\treemodel.obj
c:\users\raman\source\repos\openocrcorrect\frameworkcode\release\moc_treemodel.obj
c:\users\raman\source\repos\openocrcorrect\frameworkcode\release\moc_projecthierarchywindow.obj
c:\users\raman\source\repos\openocrcorrect\frameworkcode\release\commentsview.obj
c:\users\raman\source\repos\openocrcorrect\frameworkcode\release\moc_commentsview.obj
c:\users\raman\source\repos\openocrcorrect\frameworkcode\release\lg2_common.obj
c:\users\raman\source\repos\openocrcorrect\frameworkcode\release\averageaccuracies.obj
c:\users\raman\source\repos\openocrcorrect\frameworkcode\release\moc_averageaccuracies.obj
c:\users\raman\source\repos\openocrcorrect\frameworkcode\release\moc_predefs.h
c:\users\raman\source\repos\openocrcorrect\frameworkcode\release\qpadfinal.exe
c:\users\raman\source\repos\openocrcorrect\frameworkcode\release\qpadfinal.pdb
c:\users\raman\source\repos\openocrcorrect\frameworkcode\release\moc_diffview.cpp
c:\users\raman\source\repos\openocrcorrect\frameworkcode\release\moc_commentsview.cpp
c:\users\raman\source\repos\openocrcorrect\frameworkcode\release\moc_averageaccuracies.cpp
c:\users\raman\source\repos\openocrcorrect\frameworkcode\release\moc_projecthierarchywindow.cpp
c:\users\raman\source\repos\openocrcorrect\frameworkcode\release\moc_interndiffview.cpp
c:\users\raman\source\repos\openocrcorrect\frameworkcode\release\moc_mainwindow.cpp
c:\users\raman\source\repos\openocrcorrect\frameworkcode\release\moc_qcustomplot.cpp
c:\users\raman\source\repos\openocrcorrect\frameworkcode\release\moc_treemodel.cpp
c:\users\raman\source\repos\openocrcorrect\frameworkcode\release\moc_zoom.cpp
c:\users\raman\source\repos\openocrcorrect\frameworkcode\ui_diffview.h
c:\users\raman\source\repos\openocrcorrect\frameworkcode\ui_mainwindow.h
c:\users\raman\source\repos\openocrcorrect\frameworkcode\release\qrc_appresources.cpp
c:\users\raman\source\repos\openocrcorrect\frameworkcode\release\vcpkg.applocal.log
c:\users\raman\source\repos\openocrcorrect\frameworkcode\release\moc_verifierdiffview.cpp
c:\users\raman\source\repos\openocrcorrect\frameworkcode\ui_interndiffview.h
c:\users\raman\source\repos\openocrcorrect\frameworkcode\ui_commentsview.h
c:\users\raman\source\repos\openocrcorrect\frameworkcode\ui_averageaccuracies.h
c:\users\raman\source\repos\openocrcorrect\frameworkcode\release\git2.dll
c:\users\raman\source\repos\openocrcorrect\frameworkcode\release\zlib1.dll
c:\users\raman\source\repos\openocrcorrect\frameworkcode\release\pugixml.dll
c:\users\raman\source\repos\openocrcorrect\frameworkcode\ui_projecthierarchywindow.h
c:\users\raman\source\repos\openocrcorrect\frameworkcode\release\qpadfinal.tlog\cl.command.1.tlog
c:\users\raman\source\repos\openocrcorrect\frameworkcode\release\qpadfinal.tlog\cl.read.1.tlog
c:\users\raman\source\repos\openocrcorrect\frameworkcode\release\qpadfinal.tlog\cl.write.1.tlog
c:\users\raman\source\repos\openocrcorrect\frameworkcode\release\qpadfinal.tlog\custombuild.command.1.tlog
c:\users\raman\source\repos\openocrcorrect\frameworkcode\release\qpadfinal.tlog\custombuild.read.1.tlog
c:\users\raman\source\repos\openocrcorrect\frameworkcode\release\qpadfinal.tlog\custombuild.write.1.tlog
c:\users\raman\source\repos\openocrcorrect\frameworkcode\release\qpadfinal.tlog\link.command.1.tlog
c:\users\raman\source\repos\openocrcorrect\frameworkcode\release\qpadfinal.tlog\link.read.1.tlog
c:\users\raman\source\repos\openocrcorrect\frameworkcode\release\qpadfinal.tlog\link.write.1.tlog
c:\users\raman\source\repos\openocrcorrect\frameworkcode\release\qpadfinal.tlog\moc.read.1u.tlog
c:\users\raman\source\repos\openocrcorrect\frameworkcode\release\qpadfinal.tlog\moc.write.1u.tlog
c:\users\raman\source\repos\openocrcorrect\frameworkcode\release\qpadfinal.tlog\qpadfinal.write.1u.tlog
c:\users\raman\source\repos\openocrcorrect\frameworkcode\release\qpadfinal.tlog\rcc.read.1u.tlog
c:\users\raman\source\repos\openocrcorrect\frameworkcode\release\qpadfinal.tlog\rcc.write.1u.tlog
c:\users\raman\source\repos\openocrcorrect\frameworkcode\release\qpadfinal.tlog\uic.read.1u.tlog
c:\users\raman\source\repos\openocrcorrect\frameworkcode\release\qpadfinal.tlog\uic.write.1u.tlog
